<?xml version="1.0" encoding="UTF-8"?>
<testng-results skipped="0" failed="0" ignored="0" total="6" passed="6">
  <reporter-output>
  </reporter-output>
  <suite name="Suite" duration-ms="22914" started-at="2023-01-03T11:27:58 GST" finished-at="2023-01-03T11:28:21 GST">
    <groups>
    </groups>
    <test name="Test" duration-ms="22914" started-at="2023-01-03T11:27:58 GST" finished-at="2023-01-03T11:28:21 GST">
      <class name="testCases.TC001_Validation">
        <test-method status="PASS" signature="TC001_ClickURL()[pri:0, instance:testCases.TC001_Validation@5d11346a]" name="TC001_ClickURL" duration-ms="12960" started-at="2023-01-03T11:27:58 GST" finished-at="2023-01-03T11:28:11 GST">
          <reporter-output>
          </reporter-output>
        </test-method> <!-- TC001_ClickURL -->
        <test-method status="PASS" signature="TC002_LanguageSelection()[pri:0, instance:testCases.TC001_Validation@5d11346a]" name="TC002_LanguageSelection" duration-ms="6919" started-at="2023-01-03T11:28:11 GST" finished-at="2023-01-03T11:28:18 GST">
          <reporter-output>
          </reporter-output>
        </test-method> <!-- TC002_LanguageSelection -->
        <test-method status="PASS" signature="TC003_CountrySelection()[pri:0, instance:testCases.TC001_Validation@5d11346a]" name="TC003_CountrySelection" duration-ms="2008" started-at="2023-01-03T11:28:18 GST" finished-at="2023-01-03T11:28:20 GST">
          <reporter-output>
          </reporter-output>
        </test-method> <!-- TC003_CountrySelection -->
        <test-method status="PASS" signature="TC004_LiteValidation()[pri:0, instance:testCases.TC001_Validation@5d11346a]" name="TC004_LiteValidation" duration-ms="68" started-at="2023-01-03T11:28:20 GST" finished-at="2023-01-03T11:28:20 GST">
          <reporter-output>
          </reporter-output>
        </test-method> <!-- TC004_LiteValidation -->
        <test-method status="PASS" signature="TC005_ClassicValidation()[pri:0, instance:testCases.TC001_Validation@5d11346a]" name="TC005_ClassicValidation" duration-ms="58" started-at="2023-01-03T11:28:20 GST" finished-at="2023-01-03T11:28:20 GST">
          <reporter-output>
          </reporter-output>
        </test-method> <!-- TC005_ClassicValidation -->
        <test-method status="PASS" signature="TC006_PremiumcValidation()[pri:0, instance:testCases.TC001_Validation@5d11346a]" name="TC006_PremiumcValidation" duration-ms="157" started-at="2023-01-03T11:28:20 GST" finished-at="2023-01-03T11:28:20 GST">
          <reporter-output>
          </reporter-output>
        </test-method> <!-- TC006_PremiumcValidation -->
        <test-method status="PASS" signature="tearDown()[pri:0, instance:testCases.TC001_Validation@5d11346a]" name="tearDown" is-config="true" duration-ms="687" started-at="2023-01-03T11:28:20 GST" finished-at="2023-01-03T11:28:21 GST">
          <reporter-output>
          </reporter-output>
        </test-method> <!-- tearDown -->
      </class> <!-- testCases.TC001_Validation -->
    </test> <!-- Test -->
  </suite> <!-- Suite -->
</testng-results>
