<?xml version="1.0" encoding="UTF-8"?>
<!-- Generated by org.testng.reporters.JUnitXMLReporter -->
<testsuite hostname="barshamahesh" ignored="0" name="Test" tests="6" failures="0" timestamp="2023-01-03T11:28:21 GST" time="22.914" errors="0">
  <testcase name="TC001_ClickURL" time="12.96" classname="testCases.TC001_Validation"/>
  <testcase name="TC002_LanguageSelection" time="6.919" classname="testCases.TC001_Validation"/>
  <testcase name="TC003_CountrySelection" time="2.008" classname="testCases.TC001_Validation"/>
  <testcase name="TC004_LiteValidation" time="0.068" classname="testCases.TC001_Validation"/>
  <testcase name="TC005_ClassicValidation" time="0.058" classname="testCases.TC001_Validation"/>
  <testcase name="TC006_PremiumcValidation" time="0.157" classname="testCases.TC001_Validation"/>
</testsuite> <!-- Test -->
